<?xml version="1.0" encoding="UTF-8"?>
<!-- Generated by org.testng.reporters.JUnitReportReporter -->
<testsuite hostname="TYC1221031" failures="0" tests="2" name="practiceTestNG.AnnotationsTest" time="0.006" errors="0" timestamp="2022-06-13T17:15:05 IST" skipped="0">
  <testcase classname="practiceTestNG.AnnotationsTest" name="hiTest" time="0.001"/>
  <system-out/>
  <testcase classname="practiceTestNG.AnnotationsTest" name="helloTest" time="0.005"/>
  <system-out/>
</testsuite> <!-- practiceTestNG.AnnotationsTest -->
