<?xml version="1.0" encoding="UTF-8"?>
<!-- Generated by org.testng.reporters.JUnitReportReporter -->
<testsuite hostname="TYC1221031" failures="0" tests="3" name="practiceTestNG.data" time="0.274" errors="0" timestamp="2022-06-13T20:30:11 IST" skipped="0">
  <testcase classname="practiceTestNG.data" name="ticketBooking" time="0.093"/>
  <system-out/>
  <testcase classname="practiceTestNG.data" name="ticketBooking" time="0.104"/>
  <system-out/>
  <testcase classname="practiceTestNG.data" name="ticketBooking" time="0.077"/>
  <system-out/>
</testsuite> <!-- practiceTestNG.data -->
