<?xml version="1.0" encoding="UTF-8"?>
<!-- Generated by org.testng.reporters.JUnitReportReporter -->
<testsuite hostname="TYC1221031" failures="0" tests="1" name="com.crm.createContacts.CreateContactsTest" time="38.509" errors="0" timestamp="2022-06-19T20:42:13 IST" skipped="0">
  <testcase classname="com.crm.createContacts.CreateContactsTest" name="createContactsTest" time="38.509"/>
  <system-out/>
</testsuite> <!-- com.crm.createContacts.CreateContactsTest -->
