<?xml version="1.0" encoding="UTF-8"?>
<!-- Generated by org.testng.reporters.JUnitReportReporter -->
<testsuite hostname="TYC1221031" failures="0" tests="2" name="practiceTestNG.AnimalsTest" time="0.026" errors="0" timestamp="2022-06-12T20:39:07 IST" skipped="0">
  <testcase classname="practiceTestNG.AnimalsTest" name="dog" time="0.019"/>
  <system-out/>
  <testcase classname="practiceTestNG.AnimalsTest" name="elephant" time="0.007"/>
  <system-out/>
</testsuite> <!-- practiceTestNG.AnimalsTest -->
